<?xml version="1.0" encoding="UTF-8"?>
<!-- Generated by org.testng.reporters.JUnitXMLReporter -->
<testsuite ignored="0" hostname="Gautam" failures="1" tests="4" name="Dependency" time="0.092" errors="0" timestamp="2021-04-26T15:58:40 IST">
  <testcase classname="depedency.Dependency" name="searchproduct" time="0.016"/>
  <testcase classname="depedency.Dependency" name="select" time="0.004">
    <failure type="java.lang.AssertionError" message="fail">
      <![CDATA[java.lang.AssertionError: fail
at depedency.Dependency.select(Dependency.java:18)
at java.base/java.util.ArrayList.forEach(ArrayList.java:1511)
... Removed 28 stack frames]]>
    </failure>
  </testcase> <!-- select -->
  <testcase classname="depedency.Dependency" name="buyproduct" time="0.0">
    <skipped/>
  </testcase> <!-- buyproduct -->
  <testcase classname="depedency.Dependency" name="confirmemail" time="0.0">
    <skipped/>
  </testcase> <!-- confirmemail -->
</testsuite> <!-- Dependency -->
