<?xml version="1.0" encoding="UTF-8"?>
<!-- Generated by org.testng.reporters.JUnitXMLReporter -->
<testsuite ignored="2" hostname="Gautam" failures="1" tests="5" name="Create Booking: Without discount" time="0.036" errors="0" timestamp="2021-05-21T09:41:57 IST">
  <testcase classname="testcases.BookingHotel" name="SearchHotel" time="0.005"/>
  <testcase classname="testcases.BookingHotel" name="SelectHotel" time="0.0"/>
  <testcase classname="testcases.BookingHotel" name="EnterGuestInfo" time="0.0"/>
  <testcase classname="testcases.PaymentManager" name="Payment" time="0.0">
    <failure type="org.testng.TestNGException" message="
Parameter &amp;apos;action&amp;apos; is required by @Test on method Payment but has not been marked @Optional or defined
">
      <![CDATA[org.testng.TestNGException: 
Parameter 'action' is required by @Test on method Payment but has not been marked @Optional or defined

at java.base/java.util.ArrayList.forEach(ArrayList.java:1511)
at runner.SimpleRunner.main(SimpleRunner.java:62)
... Removed 23 stack frames]]>
    </failure>
  </testcase> <!-- Payment -->
  <testcase classname="testcases.CustomerCommunication" name="checkMail" time="0.001"/>
  <testcase classname="testcases.PaymentManager" name="Discount" time="0.0">
    <ignored/>
  </testcase> <!-- Discount -->
  <testcase classname="testcases.BookingHotel" name="loadBooking" time="0.0">
    <ignored/>
  </testcase> <!-- loadBooking -->
</testsuite> <!-- Create Booking: Without discount -->
